2022-06-01 13:18:11,928 INFO [main] c.e.f.ForumApplication [StartupInfoLogger.java:55] Starting ForumApplication using Java 1.8.0_301 on LAPTOP-UNCO2OSS with PID 8504 (F:\Tests\forum\target\classes started by Robin in F:\Tests\forum)
2022-06-01 13:18:11,944 INFO [main] c.e.f.ForumApplication [SpringApplication.java:634] No active profile set, falling back to 1 default profile: "default"
2022-06-01 13:18:13,327 INFO [main] o.s.b.w.e.t.TomcatWebServer [TomcatWebServer.java:108] Tomcat initialized with port(s): 8080 (http)
2022-06-01 13:18:13,343 INFO [main] o.a.c.h.Http11NioProtocol [DirectJDKLog.java:173] Initializing ProtocolHandler ["http-nio-8080"]
2022-06-01 13:18:13,343 INFO [main] o.a.c.c.StandardService [DirectJDKLog.java:173] Starting service [Tomcat]
2022-06-01 13:18:13,343 INFO [main] o.a.c.c.StandardEngine [DirectJDKLog.java:173] Starting Servlet engine: [Apache Tomcat/9.0.63]
2022-06-01 13:18:13,511 INFO [main] o.a.c.c.C.[.[.[/forum] [DirectJDKLog.java:173] Initializing Spring embedded WebApplicationContext
2022-06-01 13:18:13,511 INFO [main] o.s.b.w.s.c.ServletWebServerApplicationContext [ServletWebServerApplicationContext.java:292] Root WebApplicationContext: initialization completed in 1519 ms
2022-06-01 13:18:14,369 INFO [main] o.s.b.a.w.s.WelcomePageHandlerMapping [WelcomePageHandlerMapping.java:57] Adding welcome page template: index
2022-06-01 13:18:14,593 INFO [main] o.a.c.h.Http11NioProtocol [DirectJDKLog.java:173] Starting ProtocolHandler ["http-nio-8080"]
2022-06-01 13:18:14,625 INFO [main] o.s.b.w.e.t.TomcatWebServer [TomcatWebServer.java:220] Tomcat started on port(s): 8080 (http) with context path '/forum'
2022-06-01 13:18:14,649 INFO [main] c.e.f.ForumApplication [StartupInfoLogger.java:61] Started ForumApplication in 3.476 seconds (JVM running for 5.167)
2022-06-01 13:18:20,656 INFO [http-nio-8080-exec-1] o.a.c.c.C.[.[.[/forum] [DirectJDKLog.java:173] Initializing Spring DispatcherServlet 'dispatcherServlet'
2022-06-01 13:18:20,656 INFO [http-nio-8080-exec-1] o.s.w.s.DispatcherServlet [FrameworkServlet.java:525] Initializing Servlet 'dispatcherServlet'
2022-06-01 13:18:20,657 INFO [http-nio-8080-exec-1] o.s.w.s.DispatcherServlet [FrameworkServlet.java:547] Completed initialization in 0 ms
2022-06-01 13:18:20,705 INFO [http-nio-8080-exec-1] c.z.h.HikariDataSource [HikariDataSource.java:110] HikariPool-1 - Starting...
2022-06-01 13:18:21,657 INFO [http-nio-8080-exec-1] c.z.h.HikariDataSource [HikariDataSource.java:123] HikariPool-1 - Start completed.
2022-06-01 13:30:23,263 INFO [main] c.e.f.ForumApplication [StartupInfoLogger.java:55] Starting ForumApplication using Java 1.8.0_301 on LAPTOP-UNCO2OSS with PID 14480 (F:\Tests\forum\target\classes started by Robin in F:\Tests\forum)
2022-06-01 13:30:23,263 INFO [main] c.e.f.ForumApplication [SpringApplication.java:634] No active profile set, falling back to 1 default profile: "default"
2022-06-01 13:30:24,332 INFO [main] o.s.b.w.e.t.TomcatWebServer [TomcatWebServer.java:108] Tomcat initialized with port(s): 8080 (http)
2022-06-01 13:30:24,340 INFO [main] o.a.c.h.Http11NioProtocol [DirectJDKLog.java:173] Initializing ProtocolHandler ["http-nio-8080"]
2022-06-01 13:30:24,340 INFO [main] o.a.c.c.StandardService [DirectJDKLog.java:173] Starting service [Tomcat]
2022-06-01 13:30:24,340 INFO [main] o.a.c.c.StandardEngine [DirectJDKLog.java:173] Starting Servlet engine: [Apache Tomcat/9.0.63]
2022-06-01 13:30:24,476 INFO [main] o.a.c.c.C.[.[.[/forum] [DirectJDKLog.java:173] Initializing Spring embedded WebApplicationContext
2022-06-01 13:30:24,476 INFO [main] o.s.b.w.s.c.ServletWebServerApplicationContext [ServletWebServerApplicationContext.java:292] Root WebApplicationContext: initialization completed in 1165 ms
2022-06-01 13:30:25,020 INFO [main] o.s.b.a.w.s.WelcomePageHandlerMapping [WelcomePageHandlerMapping.java:57] Adding welcome page template: index
2022-06-01 13:30:25,172 INFO [main] o.a.c.h.Http11NioProtocol [DirectJDKLog.java:173] Starting ProtocolHandler ["http-nio-8080"]
2022-06-01 13:30:25,188 INFO [main] o.s.b.w.e.t.TomcatWebServer [TomcatWebServer.java:220] Tomcat started on port(s): 8080 (http) with context path '/forum'
2022-06-01 13:30:25,196 INFO [main] c.e.f.ForumApplication [StartupInfoLogger.java:61] Started ForumApplication in 2.493 seconds (JVM running for 3.897)
2022-06-01 13:30:30,259 INFO [http-nio-8080-exec-1] o.a.c.c.C.[.[.[/forum] [DirectJDKLog.java:173] Initializing Spring DispatcherServlet 'dispatcherServlet'
2022-06-01 13:30:30,260 INFO [http-nio-8080-exec-1] o.s.w.s.DispatcherServlet [FrameworkServlet.java:525] Initializing Servlet 'dispatcherServlet'
2022-06-01 13:30:30,263 INFO [http-nio-8080-exec-1] o.s.w.s.DispatcherServlet [FrameworkServlet.java:547] Completed initialization in 2 ms
2022-06-01 13:30:30,300 INFO [http-nio-8080-exec-1] c.z.h.HikariDataSource [HikariDataSource.java:110] HikariPool-1 - Starting...
2022-06-01 13:30:31,101 INFO [http-nio-8080-exec-1] c.z.h.HikariDataSource [HikariDataSource.java:123] HikariPool-1 - Start completed.
2022-06-01 13:57:57,416 INFO [main] c.e.f.ForumApplication [StartupInfoLogger.java:55] Starting ForumApplication using Java 1.8.0_301 on LAPTOP-UNCO2OSS with PID 14672 (F:\Tests\forum\target\classes started by Robin in F:\Tests\forum)
2022-06-01 13:57:57,424 INFO [main] c.e.f.ForumApplication [SpringApplication.java:634] No active profile set, falling back to 1 default profile: "default"
2022-06-01 13:57:58,476 INFO [main] o.s.b.w.e.t.TomcatWebServer [TomcatWebServer.java:108] Tomcat initialized with port(s): 8080 (http)
2022-06-01 13:57:58,484 INFO [main] o.a.c.h.Http11NioProtocol [DirectJDKLog.java:173] Initializing ProtocolHandler ["http-nio-8080"]
2022-06-01 13:57:58,484 INFO [main] o.a.c.c.StandardService [DirectJDKLog.java:173] Starting service [Tomcat]
2022-06-01 13:57:58,484 INFO [main] o.a.c.c.StandardEngine [DirectJDKLog.java:173] Starting Servlet engine: [Apache Tomcat/9.0.63]
2022-06-01 13:57:58,628 INFO [main] o.a.c.c.C.[.[.[/forum] [DirectJDKLog.java:173] Initializing Spring embedded WebApplicationContext
2022-06-01 13:57:58,628 INFO [main] o.s.b.w.s.c.ServletWebServerApplicationContext [ServletWebServerApplicationContext.java:292] Root WebApplicationContext: initialization completed in 1164 ms
2022-06-01 13:57:59,206 INFO [main] o.s.b.a.w.s.WelcomePageHandlerMapping [WelcomePageHandlerMapping.java:57] Adding welcome page template: index
2022-06-01 13:57:59,366 INFO [main] o.a.c.h.Http11NioProtocol [DirectJDKLog.java:173] Starting ProtocolHandler ["http-nio-8080"]
2022-06-01 13:57:59,382 INFO [main] o.s.b.w.e.t.TomcatWebServer [TomcatWebServer.java:220] Tomcat started on port(s): 8080 (http) with context path '/forum'
2022-06-01 13:57:59,390 INFO [main] c.e.f.ForumApplication [StartupInfoLogger.java:61] Started ForumApplication in 2.673 seconds (JVM running for 4.555)
2022-06-01 13:58:04,944 INFO [http-nio-8080-exec-2] o.a.c.c.C.[.[.[/forum] [DirectJDKLog.java:173] Initializing Spring DispatcherServlet 'dispatcherServlet'
2022-06-01 13:58:04,945 INFO [http-nio-8080-exec-2] o.s.w.s.DispatcherServlet [FrameworkServlet.java:525] Initializing Servlet 'dispatcherServlet'
2022-06-01 13:58:04,946 INFO [http-nio-8080-exec-2] o.s.w.s.DispatcherServlet [FrameworkServlet.java:547] Completed initialization in 1 ms
2022-06-01 13:58:04,980 INFO [http-nio-8080-exec-2] c.z.h.HikariDataSource [HikariDataSource.java:110] HikariPool-1 - Starting...
2022-06-01 13:58:05,831 INFO [http-nio-8080-exec-2] c.z.h.HikariDataSource [HikariDataSource.java:123] HikariPool-1 - Start completed.
2022-06-01 14:36:10,889 INFO [main] c.e.f.ForumApplication [StartupInfoLogger.java:55] Starting ForumApplication using Java 1.8.0_301 on LAPTOP-UNCO2OSS with PID 10316 (F:\Tests\forum\target\classes started by Robin in F:\Tests\forum)
2022-06-01 14:36:10,896 INFO [main] c.e.f.ForumApplication [SpringApplication.java:634] No active profile set, falling back to 1 default profile: "default"
2022-06-01 14:36:12,446 INFO [main] o.s.b.w.e.t.TomcatWebServer [TomcatWebServer.java:108] Tomcat initialized with port(s): 8080 (http)
2022-06-01 14:36:12,459 INFO [main] o.a.c.h.Http11NioProtocol [DirectJDKLog.java:173] Initializing ProtocolHandler ["http-nio-8080"]
2022-06-01 14:36:12,459 INFO [main] o.a.c.c.StandardService [DirectJDKLog.java:173] Starting service [Tomcat]
2022-06-01 14:36:12,459 INFO [main] o.a.c.c.StandardEngine [DirectJDKLog.java:173] Starting Servlet engine: [Apache Tomcat/9.0.63]
2022-06-01 14:36:12,627 INFO [main] o.a.c.c.C.[.[.[/forum] [DirectJDKLog.java:173] Initializing Spring embedded WebApplicationContext
2022-06-01 14:36:12,635 INFO [main] o.s.b.w.s.c.ServletWebServerApplicationContext [ServletWebServerApplicationContext.java:292] Root WebApplicationContext: initialization completed in 1687 ms
2022-06-01 14:36:13,385 INFO [main] o.s.b.a.w.s.WelcomePageHandlerMapping [WelcomePageHandlerMapping.java:57] Adding welcome page template: index
2022-06-01 14:36:13,559 INFO [main] o.a.c.h.Http11NioProtocol [DirectJDKLog.java:173] Starting ProtocolHandler ["http-nio-8080"]
2022-06-01 14:36:13,577 INFO [main] o.s.b.w.e.t.TomcatWebServer [TomcatWebServer.java:220] Tomcat started on port(s): 8080 (http) with context path '/forum'
2022-06-01 14:36:13,593 INFO [main] c.e.f.ForumApplication [StartupInfoLogger.java:61] Started ForumApplication in 3.583 seconds (JVM running for 5.064)
2022-06-01 14:36:30,567 INFO [http-nio-8080-exec-2] o.a.c.c.C.[.[.[/forum] [DirectJDKLog.java:173] Initializing Spring DispatcherServlet 'dispatcherServlet'
2022-06-01 14:36:30,568 INFO [http-nio-8080-exec-2] o.s.w.s.DispatcherServlet [FrameworkServlet.java:525] Initializing Servlet 'dispatcherServlet'
2022-06-01 14:36:30,573 INFO [http-nio-8080-exec-2] o.s.w.s.DispatcherServlet [FrameworkServlet.java:547] Completed initialization in 5 ms
2022-06-01 14:36:30,675 INFO [http-nio-8080-exec-2] c.z.h.HikariDataSource [HikariDataSource.java:110] HikariPool-1 - Starting...
2022-06-01 14:36:32,079 INFO [http-nio-8080-exec-2] c.z.h.HikariDataSource [HikariDataSource.java:123] HikariPool-1 - Start completed.
2022-06-01 14:47:56,556 INFO [main] c.e.f.ForumApplication [StartupInfoLogger.java:55] Starting ForumApplication using Java 1.8.0_301 on LAPTOP-UNCO2OSS with PID 5492 (F:\Tests\forum\target\classes started by Robin in F:\Tests\forum)
2022-06-01 14:47:56,556 INFO [main] c.e.f.ForumApplication [SpringApplication.java:634] No active profile set, falling back to 1 default profile: "default"
2022-06-01 14:47:57,855 INFO [main] o.s.b.w.e.t.TomcatWebServer [TomcatWebServer.java:108] Tomcat initialized with port(s): 8080 (http)
2022-06-01 14:47:57,863 INFO [main] o.a.c.h.Http11NioProtocol [DirectJDKLog.java:173] Initializing ProtocolHandler ["http-nio-8080"]
2022-06-01 14:47:57,863 INFO [main] o.a.c.c.StandardService [DirectJDKLog.java:173] Starting service [Tomcat]
2022-06-01 14:47:57,863 INFO [main] o.a.c.c.StandardEngine [DirectJDKLog.java:173] Starting Servlet engine: [Apache Tomcat/9.0.63]
2022-06-01 14:47:58,076 INFO [main] o.a.c.c.C.[.[.[/forum] [DirectJDKLog.java:173] Initializing Spring embedded WebApplicationContext
2022-06-01 14:47:58,076 INFO [main] o.s.b.w.s.c.ServletWebServerApplicationContext [ServletWebServerApplicationContext.java:292] Root WebApplicationContext: initialization completed in 1471 ms
2022-06-01 14:47:58,895 INFO [main] o.s.b.a.w.s.WelcomePageHandlerMapping [WelcomePageHandlerMapping.java:57] Adding welcome page template: index
2022-06-01 14:47:59,086 INFO [main] o.a.c.h.Http11NioProtocol [DirectJDKLog.java:173] Starting ProtocolHandler ["http-nio-8080"]
2022-06-01 14:47:59,111 INFO [main] o.s.b.w.e.t.TomcatWebServer [TomcatWebServer.java:220] Tomcat started on port(s): 8080 (http) with context path '/forum'
2022-06-01 14:47:59,116 INFO [main] c.e.f.ForumApplication [StartupInfoLogger.java:61] Started ForumApplication in 3.22 seconds (JVM running for 4.576)
2022-06-01 14:48:03,392 INFO [http-nio-8080-exec-1] o.a.c.c.C.[.[.[/forum] [DirectJDKLog.java:173] Initializing Spring DispatcherServlet 'dispatcherServlet'
2022-06-01 14:48:03,392 INFO [http-nio-8080-exec-1] o.s.w.s.DispatcherServlet [FrameworkServlet.java:525] Initializing Servlet 'dispatcherServlet'
2022-06-01 14:48:03,393 INFO [http-nio-8080-exec-1] o.s.w.s.DispatcherServlet [FrameworkServlet.java:547] Completed initialization in 0 ms
2022-06-01 14:48:03,437 INFO [http-nio-8080-exec-1] c.z.h.HikariDataSource [HikariDataSource.java:110] HikariPool-1 - Starting...
2022-06-01 14:48:04,357 INFO [http-nio-8080-exec-1] c.z.h.HikariDataSource [HikariDataSource.java:123] HikariPool-1 - Start completed.
2022-06-01 14:51:10,768 INFO [main] c.e.f.ForumApplication [StartupInfoLogger.java:55] Starting ForumApplication using Java 1.8.0_301 on LAPTOP-UNCO2OSS with PID 9780 (F:\Tests\forum\target\classes started by Robin in F:\Tests\forum)
2022-06-01 14:51:10,774 INFO [main] c.e.f.ForumApplication [SpringApplication.java:634] No active profile set, falling back to 1 default profile: "default"
2022-06-01 14:51:12,311 INFO [main] o.s.b.w.e.t.TomcatWebServer [TomcatWebServer.java:108] Tomcat initialized with port(s): 8080 (http)
2022-06-01 14:51:12,320 INFO [main] o.a.c.h.Http11NioProtocol [DirectJDKLog.java:173] Initializing ProtocolHandler ["http-nio-8080"]
2022-06-01 14:51:12,321 INFO [main] o.a.c.c.StandardService [DirectJDKLog.java:173] Starting service [Tomcat]
2022-06-01 14:51:12,321 INFO [main] o.a.c.c.StandardEngine [DirectJDKLog.java:173] Starting Servlet engine: [Apache Tomcat/9.0.63]
2022-06-01 14:51:12,459 INFO [main] o.a.c.c.C.[.[.[/forum] [DirectJDKLog.java:173] Initializing Spring embedded WebApplicationContext
2022-06-01 14:51:12,459 INFO [main] o.s.b.w.s.c.ServletWebServerApplicationContext [ServletWebServerApplicationContext.java:292] Root WebApplicationContext: initialization completed in 1631 ms
2022-06-01 14:51:13,051 INFO [main] o.s.b.a.w.s.WelcomePageHandlerMapping [WelcomePageHandlerMapping.java:57] Adding welcome page template: index
2022-06-01 14:51:13,227 INFO [main] o.a.c.h.Http11NioProtocol [DirectJDKLog.java:173] Starting ProtocolHandler ["http-nio-8080"]
2022-06-01 14:51:13,251 INFO [main] o.s.b.w.e.t.TomcatWebServer [TomcatWebServer.java:220] Tomcat started on port(s): 8080 (http) with context path '/forum'
2022-06-01 14:51:13,267 INFO [main] c.e.f.ForumApplication [StartupInfoLogger.java:61] Started ForumApplication in 3.505 seconds (JVM running for 5.01)
2022-06-01 14:51:17,345 INFO [http-nio-8080-exec-1] o.a.c.c.C.[.[.[/forum] [DirectJDKLog.java:173] Initializing Spring DispatcherServlet 'dispatcherServlet'
2022-06-01 14:51:17,345 INFO [http-nio-8080-exec-1] o.s.w.s.DispatcherServlet [FrameworkServlet.java:525] Initializing Servlet 'dispatcherServlet'
2022-06-01 14:51:17,346 INFO [http-nio-8080-exec-1] o.s.w.s.DispatcherServlet [FrameworkServlet.java:547] Completed initialization in 1 ms
2022-06-01 14:51:17,386 INFO [http-nio-8080-exec-1] c.z.h.HikariDataSource [HikariDataSource.java:110] HikariPool-1 - Starting...
2022-06-01 14:51:18,302 INFO [http-nio-8080-exec-1] c.z.h.HikariDataSource [HikariDataSource.java:123] HikariPool-1 - Start completed.
2022-06-01 15:26:24,323 INFO [main] c.e.f.ForumApplication [StartupInfoLogger.java:55] Starting ForumApplication using Java 1.8.0_301 on LAPTOP-UNCO2OSS with PID 12116 (F:\Tests\forum\target\classes started by Robin in F:\Tests\forum)
2022-06-01 15:26:24,327 INFO [main] c.e.f.ForumApplication [SpringApplication.java:634] No active profile set, falling back to 1 default profile: "default"
2022-06-01 15:26:25,683 INFO [main] o.s.b.w.e.t.TomcatWebServer [TomcatWebServer.java:108] Tomcat initialized with port(s): 8080 (http)
2022-06-01 15:26:25,695 INFO [main] o.a.c.h.Http11NioProtocol [DirectJDKLog.java:173] Initializing ProtocolHandler ["http-nio-8080"]
2022-06-01 15:26:25,697 INFO [main] o.a.c.c.StandardService [DirectJDKLog.java:173] Starting service [Tomcat]
2022-06-01 15:26:25,698 INFO [main] o.a.c.c.StandardEngine [DirectJDKLog.java:173] Starting Servlet engine: [Apache Tomcat/9.0.63]
2022-06-01 15:26:25,882 INFO [main] o.a.c.c.C.[.[.[/forum] [DirectJDKLog.java:173] Initializing Spring embedded WebApplicationContext
2022-06-01 15:26:25,882 INFO [main] o.s.b.w.s.c.ServletWebServerApplicationContext [ServletWebServerApplicationContext.java:292] Root WebApplicationContext: initialization completed in 1497 ms
2022-06-01 15:26:26,671 INFO [main] o.s.b.a.w.s.WelcomePageHandlerMapping [WelcomePageHandlerMapping.java:57] Adding welcome page template: index
2022-06-01 15:26:26,858 INFO [main] o.a.c.h.Http11NioProtocol [DirectJDKLog.java:173] Starting ProtocolHandler ["http-nio-8080"]
2022-06-01 15:26:26,879 INFO [main] o.s.b.w.e.t.TomcatWebServer [TomcatWebServer.java:220] Tomcat started on port(s): 8080 (http) with context path '/forum'
2022-06-01 15:26:26,891 INFO [main] c.e.f.ForumApplication [StartupInfoLogger.java:61] Started ForumApplication in 3.386 seconds (JVM running for 4.943)
2022-06-01 15:26:37,421 INFO [http-nio-8080-exec-2] o.a.c.c.C.[.[.[/forum] [DirectJDKLog.java:173] Initializing Spring DispatcherServlet 'dispatcherServlet'
2022-06-01 15:26:37,421 INFO [http-nio-8080-exec-2] o.s.w.s.DispatcherServlet [FrameworkServlet.java:525] Initializing Servlet 'dispatcherServlet'
2022-06-01 15:26:37,423 INFO [http-nio-8080-exec-2] o.s.w.s.DispatcherServlet [FrameworkServlet.java:547] Completed initialization in 2 ms
2022-06-01 15:26:37,460 INFO [http-nio-8080-exec-2] c.z.h.HikariDataSource [HikariDataSource.java:110] HikariPool-1 - Starting...
2022-06-01 15:26:38,304 INFO [http-nio-8080-exec-2] c.z.h.HikariDataSource [HikariDataSource.java:123] HikariPool-1 - Start completed.
2022-06-01 15:29:52,222 INFO [main] c.e.f.ForumApplication [StartupInfoLogger.java:55] Starting ForumApplication using Java 1.8.0_301 on LAPTOP-UNCO2OSS with PID 7576 (F:\Tests\forum\target\classes started by Robin in F:\Tests\forum)
2022-06-01 15:29:52,227 INFO [main] c.e.f.ForumApplication [SpringApplication.java:634] No active profile set, falling back to 1 default profile: "default"
2022-06-01 15:29:53,258 INFO [main] o.s.b.w.e.t.TomcatWebServer [TomcatWebServer.java:108] Tomcat initialized with port(s): 8080 (http)
2022-06-01 15:29:53,266 INFO [main] o.a.c.h.Http11NioProtocol [DirectJDKLog.java:173] Initializing ProtocolHandler ["http-nio-8080"]
2022-06-01 15:29:53,267 INFO [main] o.a.c.c.StandardService [DirectJDKLog.java:173] Starting service [Tomcat]
2022-06-01 15:29:53,268 INFO [main] o.a.c.c.StandardEngine [DirectJDKLog.java:173] Starting Servlet engine: [Apache Tomcat/9.0.63]
2022-06-01 15:29:53,414 INFO [main] o.a.c.c.C.[.[.[/forum] [DirectJDKLog.java:173] Initializing Spring embedded WebApplicationContext
2022-06-01 15:29:53,414 INFO [main] o.s.b.w.s.c.ServletWebServerApplicationContext [ServletWebServerApplicationContext.java:292] Root WebApplicationContext: initialization completed in 1144 ms
2022-06-01 15:29:54,008 INFO [main] o.s.b.a.w.s.WelcomePageHandlerMapping [WelcomePageHandlerMapping.java:57] Adding welcome page template: index
2022-06-01 15:29:54,167 INFO [main] o.a.c.h.Http11NioProtocol [DirectJDKLog.java:173] Starting ProtocolHandler ["http-nio-8080"]
2022-06-01 15:29:54,184 INFO [main] o.s.b.w.e.t.TomcatWebServer [TomcatWebServer.java:220] Tomcat started on port(s): 8080 (http) with context path '/forum'
2022-06-01 15:29:54,194 INFO [main] c.e.f.ForumApplication [StartupInfoLogger.java:61] Started ForumApplication in 2.564 seconds (JVM running for 3.871)
2022-06-01 15:30:23,096 INFO [http-nio-8080-exec-1] o.a.c.c.C.[.[.[/forum] [DirectJDKLog.java:173] Initializing Spring DispatcherServlet 'dispatcherServlet'
2022-06-01 15:30:23,097 INFO [http-nio-8080-exec-1] o.s.w.s.DispatcherServlet [FrameworkServlet.java:525] Initializing Servlet 'dispatcherServlet'
2022-06-01 15:30:23,099 INFO [http-nio-8080-exec-1] o.s.w.s.DispatcherServlet [FrameworkServlet.java:547] Completed initialization in 2 ms
2022-06-01 15:30:31,361 INFO [http-nio-8080-exec-2] c.z.h.HikariDataSource [HikariDataSource.java:110] HikariPool-1 - Starting...
2022-06-01 15:30:32,183 INFO [http-nio-8080-exec-2] c.z.h.HikariDataSource [HikariDataSource.java:123] HikariPool-1 - Start completed.
2022-06-01 17:21:26,248 INFO [main] c.e.f.ForumApplication [StartupInfoLogger.java:55] Starting ForumApplication using Java 1.8.0_301 on LAPTOP-UNCO2OSS with PID 16576 (F:\Tests\forum\target\classes started by Robin in F:\Tests\forum)
2022-06-01 17:21:26,256 INFO [main] c.e.f.ForumApplication [SpringApplication.java:634] No active profile set, falling back to 1 default profile: "default"
2022-06-01 17:21:27,579 INFO [main] o.s.b.w.e.t.TomcatWebServer [TomcatWebServer.java:108] Tomcat initialized with port(s): 8080 (http)
2022-06-01 17:21:27,587 INFO [main] o.a.c.h.Http11NioProtocol [DirectJDKLog.java:173] Initializing ProtocolHandler ["http-nio-8080"]
2022-06-01 17:21:27,588 INFO [main] o.a.c.c.StandardService [DirectJDKLog.java:173] Starting service [Tomcat]
2022-06-01 17:21:27,588 INFO [main] o.a.c.c.StandardEngine [DirectJDKLog.java:173] Starting Servlet engine: [Apache Tomcat/9.0.63]
2022-06-01 17:21:27,745 INFO [main] o.a.c.c.C.[.[.[/forum] [DirectJDKLog.java:173] Initializing Spring embedded WebApplicationContext
2022-06-01 17:21:27,746 INFO [main] o.s.b.w.s.c.ServletWebServerApplicationContext [ServletWebServerApplicationContext.java:292] Root WebApplicationContext: initialization completed in 1446 ms
2022-06-01 17:21:28,466 INFO [main] o.s.b.a.w.s.WelcomePageHandlerMapping [WelcomePageHandlerMapping.java:57] Adding welcome page template: index
2022-06-01 17:21:28,725 INFO [main] o.a.c.h.Http11NioProtocol [DirectJDKLog.java:173] Starting ProtocolHandler ["http-nio-8080"]
2022-06-01 17:21:28,744 INFO [main] o.s.b.w.e.t.TomcatWebServer [TomcatWebServer.java:220] Tomcat started on port(s): 8080 (http) with context path '/forum'
2022-06-01 17:21:28,758 INFO [main] c.e.f.ForumApplication [StartupInfoLogger.java:61] Started ForumApplication in 3.21 seconds (JVM running for 4.886)
2022-06-01 17:21:36,018 INFO [http-nio-8080-exec-2] o.a.c.c.C.[.[.[/forum] [DirectJDKLog.java:173] Initializing Spring DispatcherServlet 'dispatcherServlet'
2022-06-01 17:21:36,019 INFO [http-nio-8080-exec-2] o.s.w.s.DispatcherServlet [FrameworkServlet.java:525] Initializing Servlet 'dispatcherServlet'
2022-06-01 17:21:36,020 INFO [http-nio-8080-exec-2] o.s.w.s.DispatcherServlet [FrameworkServlet.java:547] Completed initialization in 1 ms
2022-06-01 17:21:36,046 INFO [http-nio-8080-exec-2] c.e.f.a.ServiceLogAspect [ServiceLogAspect.java:43] 用户[0:0:0:0:0:0:0:1],在[2022-06-01 17:21:36],访问了[com.example.forum.service.UserService.findTicket].
2022-06-01 17:21:36,068 INFO [http-nio-8080-exec-2] c.z.h.HikariDataSource [HikariDataSource.java:110] HikariPool-1 - Starting...
2022-06-01 17:21:36,908 INFO [http-nio-8080-exec-2] c.z.h.HikariDataSource [HikariDataSource.java:123] HikariPool-1 - Start completed.
2022-06-01 17:21:36,974 INFO [http-nio-8080-exec-2] c.e.f.a.ServiceLogAspect [ServiceLogAspect.java:43] 用户[0:0:0:0:0:0:0:1],在[2022-06-01 17:21:36],访问了[com.example.forum.service.UserService.findUserById].
2022-06-01 17:21:36,996 INFO [http-nio-8080-exec-2] c.e.f.a.ServiceLogAspect [ServiceLogAspect.java:43] 用户[0:0:0:0:0:0:0:1],在[2022-06-01 17:21:36],访问了[com.example.forum.service.DiscussPostService.findDiscussPostRows].
2022-06-01 17:21:37,021 INFO [http-nio-8080-exec-2] c.e.f.a.ServiceLogAspect [ServiceLogAspect.java:43] 用户[0:0:0:0:0:0:0:1],在[2022-06-01 17:21:37],访问了[com.example.forum.service.DiscussPostService.findDiscussPosts].
2022-06-01 17:21:37,033 INFO [http-nio-8080-exec-2] c.e.f.a.ServiceLogAspect [ServiceLogAspect.java:43] 用户[0:0:0:0:0:0:0:1],在[2022-06-01 17:21:37],访问了[com.example.forum.service.UserService.findUserById].
2022-06-01 17:21:37,038 INFO [http-nio-8080-exec-2] c.e.f.a.ServiceLogAspect [ServiceLogAspect.java:43] 用户[0:0:0:0:0:0:0:1],在[2022-06-01 17:21:37],访问了[com.example.forum.service.UserService.findUserById].
2022-06-01 17:21:37,041 INFO [http-nio-8080-exec-2] c.e.f.a.ServiceLogAspect [ServiceLogAspect.java:43] 用户[0:0:0:0:0:0:0:1],在[2022-06-01 17:21:37],访问了[com.example.forum.service.UserService.findUserById].
2022-06-01 17:21:37,045 INFO [http-nio-8080-exec-2] c.e.f.a.ServiceLogAspect [ServiceLogAspect.java:43] 用户[0:0:0:0:0:0:0:1],在[2022-06-01 17:21:37],访问了[com.example.forum.service.UserService.findUserById].
2022-06-01 17:21:37,050 INFO [http-nio-8080-exec-2] c.e.f.a.ServiceLogAspect [ServiceLogAspect.java:43] 用户[0:0:0:0:0:0:0:1],在[2022-06-01 17:21:37],访问了[com.example.forum.service.UserService.findUserById].
2022-06-01 17:21:37,053 INFO [http-nio-8080-exec-2] c.e.f.a.ServiceLogAspect [ServiceLogAspect.java:43] 用户[0:0:0:0:0:0:0:1],在[2022-06-01 17:21:37],访问了[com.example.forum.service.UserService.findUserById].
2022-06-01 17:21:37,057 INFO [http-nio-8080-exec-2] c.e.f.a.ServiceLogAspect [ServiceLogAspect.java:43] 用户[0:0:0:0:0:0:0:1],在[2022-06-01 17:21:37],访问了[com.example.forum.service.UserService.findUserById].
2022-06-01 17:21:37,060 INFO [http-nio-8080-exec-2] c.e.f.a.ServiceLogAspect [ServiceLogAspect.java:43] 用户[0:0:0:0:0:0:0:1],在[2022-06-01 17:21:37],访问了[com.example.forum.service.UserService.findUserById].
2022-06-01 17:21:37,065 INFO [http-nio-8080-exec-2] c.e.f.a.ServiceLogAspect [ServiceLogAspect.java:43] 用户[0:0:0:0:0:0:0:1],在[2022-06-01 17:21:37],访问了[com.example.forum.service.UserService.findUserById].
2022-06-01 17:21:37,070 INFO [http-nio-8080-exec-2] c.e.f.a.ServiceLogAspect [ServiceLogAspect.java:43] 用户[0:0:0:0:0:0:0:1],在[2022-06-01 17:21:37],访问了[com.example.forum.service.UserService.findUserById].
2022-06-01 17:21:43,173 INFO [http-nio-8080-exec-4] c.e.f.a.ServiceLogAspect [ServiceLogAspect.java:43] 用户[0:0:0:0:0:0:0:1],在[2022-06-01 17:21:43],访问了[com.example.forum.service.UserService.findTicket].
2022-06-01 17:21:43,180 INFO [http-nio-8080-exec-4] c.e.f.a.ServiceLogAspect [ServiceLogAspect.java:43] 用户[0:0:0:0:0:0:0:1],在[2022-06-01 17:21:43],访问了[com.example.forum.service.UserService.findUserById].
2022-06-01 17:21:43,186 INFO [http-nio-8080-exec-4] c.e.f.a.ServiceLogAspect [ServiceLogAspect.java:43] 用户[0:0:0:0:0:0:0:1],在[2022-06-01 17:21:43],访问了[com.example.forum.service.MessageService.findConversationCount].
2022-06-01 17:21:43,197 INFO [http-nio-8080-exec-4] c.e.f.a.ServiceLogAspect [ServiceLogAspect.java:43] 用户[0:0:0:0:0:0:0:1],在[2022-06-01 17:21:43],访问了[com.example.forum.service.MessageService.findConversation].
2022-06-01 17:21:43,201 INFO [http-nio-8080-exec-4] c.e.f.a.ServiceLogAspect [ServiceLogAspect.java:43] 用户[0:0:0:0:0:0:0:1],在[2022-06-01 17:21:43],访问了[com.example.forum.service.MessageService.findLetterCount].
2022-06-01 17:21:43,205 INFO [http-nio-8080-exec-4] c.e.f.a.ServiceLogAspect [ServiceLogAspect.java:43] 用户[0:0:0:0:0:0:0:1],在[2022-06-01 17:21:43],访问了[com.example.forum.service.MessageService.findUnreadCount].
2022-06-01 17:21:43,208 INFO [http-nio-8080-exec-4] c.e.f.a.ServiceLogAspect [ServiceLogAspect.java:43] 用户[0:0:0:0:0:0:0:1],在[2022-06-01 17:21:43],访问了[com.example.forum.service.UserService.findUserById].
2022-06-01 17:21:43,212 INFO [http-nio-8080-exec-4] c.e.f.a.ServiceLogAspect [ServiceLogAspect.java:43] 用户[0:0:0:0:0:0:0:1],在[2022-06-01 17:21:43],访问了[com.example.forum.service.MessageService.findLetterCount].
2022-06-01 17:21:43,216 INFO [http-nio-8080-exec-4] c.e.f.a.ServiceLogAspect [ServiceLogAspect.java:43] 用户[0:0:0:0:0:0:0:1],在[2022-06-01 17:21:43],访问了[com.example.forum.service.MessageService.findUnreadCount].
2022-06-01 17:21:43,219 INFO [http-nio-8080-exec-4] c.e.f.a.ServiceLogAspect [ServiceLogAspect.java:43] 用户[0:0:0:0:0:0:0:1],在[2022-06-01 17:21:43],访问了[com.example.forum.service.UserService.findUserById].
2022-06-01 17:21:43,222 INFO [http-nio-8080-exec-4] c.e.f.a.ServiceLogAspect [ServiceLogAspect.java:43] 用户[0:0:0:0:0:0:0:1],在[2022-06-01 17:21:43],访问了[com.example.forum.service.MessageService.findLetterCount].
2022-06-01 17:21:43,225 INFO [http-nio-8080-exec-4] c.e.f.a.ServiceLogAspect [ServiceLogAspect.java:43] 用户[0:0:0:0:0:0:0:1],在[2022-06-01 17:21:43],访问了[com.example.forum.service.MessageService.findUnreadCount].
2022-06-01 17:21:43,228 INFO [http-nio-8080-exec-4] c.e.f.a.ServiceLogAspect [ServiceLogAspect.java:43] 用户[0:0:0:0:0:0:0:1],在[2022-06-01 17:21:43],访问了[com.example.forum.service.UserService.findUserById].
2022-06-01 17:21:43,232 INFO [http-nio-8080-exec-4] c.e.f.a.ServiceLogAspect [ServiceLogAspect.java:43] 用户[0:0:0:0:0:0:0:1],在[2022-06-01 17:21:43],访问了[com.example.forum.service.MessageService.findLetterCount].
2022-06-01 17:21:43,235 INFO [http-nio-8080-exec-4] c.e.f.a.ServiceLogAspect [ServiceLogAspect.java:43] 用户[0:0:0:0:0:0:0:1],在[2022-06-01 17:21:43],访问了[com.example.forum.service.MessageService.findUnreadCount].
2022-06-01 17:21:43,239 INFO [http-nio-8080-exec-4] c.e.f.a.ServiceLogAspect [ServiceLogAspect.java:43] 用户[0:0:0:0:0:0:0:1],在[2022-06-01 17:21:43],访问了[com.example.forum.service.UserService.findUserById].
2022-06-01 17:21:43,244 INFO [http-nio-8080-exec-4] c.e.f.a.ServiceLogAspect [ServiceLogAspect.java:43] 用户[0:0:0:0:0:0:0:1],在[2022-06-01 17:21:43],访问了[com.example.forum.service.MessageService.findLetterCount].
2022-06-01 17:21:43,248 INFO [http-nio-8080-exec-4] c.e.f.a.ServiceLogAspect [ServiceLogAspect.java:43] 用户[0:0:0:0:0:0:0:1],在[2022-06-01 17:21:43],访问了[com.example.forum.service.MessageService.findUnreadCount].
2022-06-01 17:21:43,250 INFO [http-nio-8080-exec-4] c.e.f.a.ServiceLogAspect [ServiceLogAspect.java:43] 用户[0:0:0:0:0:0:0:1],在[2022-06-01 17:21:43],访问了[com.example.forum.service.UserService.findUserById].
2022-06-01 17:21:43,254 INFO [http-nio-8080-exec-4] c.e.f.a.ServiceLogAspect [ServiceLogAspect.java:43] 用户[0:0:0:0:0:0:0:1],在[2022-06-01 17:21:43],访问了[com.example.forum.service.MessageService.findUnreadCount].
2022-06-01 17:21:43,257 INFO [http-nio-8080-exec-4] c.e.f.a.ServiceLogAspect [ServiceLogAspect.java:43] 用户[0:0:0:0:0:0:0:1],在[2022-06-01 17:21:43],访问了[com.example.forum.service.MessageService.findNoticeUnreadCount].
